<?xml version="1.0" encoding="UTF-8"?>
<!-- Generated by org.testng.reporters.JUnitReportReporter -->
<testsuite skipped="0" hostname="desktop" name="com.runner.RunnerClass" tests="4" failures="0" timestamp="12 Oct 2022 22:52:23 GMT" time="18.501" errors="0">
  <testcase name="runScenario" time="5.073" classname="com.runner.RunnerClass"/>
  <testcase name="runScenario" time="4.545" classname="com.runner.RunnerClass"/>
  <testcase name="runScenario" time="4.289" classname="com.runner.RunnerClass"/>
  <testcase name="runScenario" time="4.594" classname="com.runner.RunnerClass"/>
</testsuite> <!-- com.runner.RunnerClass -->
