<?xml version="1.0" encoding="UTF-8"?>
<!-- Generated by org.testng.reporters.JUnitReportReporter -->
<testsuite skipped="0" hostname="desktop" name="com.runner.RunnerClass" tests="3" failures="0" timestamp="12 Oct 2022 22:50:05 GMT" time="14.053" errors="0">
  <testcase name="runScenario" time="4.604" classname="com.runner.RunnerClass"/>
  <testcase name="runScenario" time="4.219" classname="com.runner.RunnerClass"/>
  <testcase name="runScenario" time="5.230" classname="com.runner.RunnerClass"/>
</testsuite> <!-- com.runner.RunnerClass -->
